Checking 96 hotels (address-first + reverse)...

Address check: Palm Garden Beach Resort & Spa Hoi An...
  address OK (overlap=4)
Address check: Sheraton Grand Danang Resort...
  address OK (overlap=15)
Address check: Furama Resort Danang...
  address OK (overlap=13)
Address check: Hoi An Beach Resort...
  address OK (overlap=9)
Address check: Hyatt Regency Danang Resort & Spa...
  ADDRESS MISMATCH: ['reverse_address_mismatch(overlap=1)', 'address_distance_2705m'] (dist=2705.475282229884)
Address check: Pullman Danang Beach Resort...
  address OK (overlap=2)
Address check: Muong Thanh Luxury Da Nang Hotel...
  ADDRESS MISMATCH: ['reverse_address_mismatch(overlap=1)'] (dist=89.10768676498301)
Address check: New World Hoiana Beach & Resort...
  address OK (overlap=0)
Address check: Radisson Hotel Danang...
  address OK (overlap=9)
Address check: Vinpearl Resort & Golf Nam Hoi An...
  address OK (overlap=0)
Address check: Wyndham Hoi An Royal Beachfront Resort & Vill...
  ADDRESS MISMATCH: ['address_distance_11645m'] (dist=11645.184993041477)
Address check: Anantara Hoi An Resort...
  address OK (overlap=0)
Address check: Holiday Beach Danang Hotel & Spa...
  ADDRESS MISMATCH: ['reverse_address_mismatch(overlap=0)'] (dist=146.55615768916738)
Address check: TMS Hotel Da Nang Beach...
  address OK (overlap=15)
Address check: Four Seasons Resort The Nam Hai...
  ADDRESS MISMATCH: ['address_distance_9091m'] (dist=9090.853735926574)
Address check: InterContinental Danang Sun Peninsula Resort...
  address OK (overlap=12)
Address check: Maximilan Danang Beach Hotel...
  ADDRESS MISMATCH: ['reverse_address_mismatch(overlap=0)', 'address_distance_3406m'] (dist=3405.7416973578083)
Address check: Premier Village Danang Resort Managed by Acco...
  ADDRESS MISMATCH: ['reverse_address_mismatch(overlap=0)'] (dist=0.0)
Address check: Bliss Hoi An Beach Resort & Wellness...
  address OK (overlap=8)
Address check: Danang Marriott Resort & Spa...
  address OK (overlap=14)
Address check: DLG Hotel Danang...
  address OK (overlap=12)
Address check: Hoiana Residences...
  address OK (overlap=1)
Address check: Koi Resort & Residence Da Nang...
  ADDRESS MISMATCH: ['reverse_address_mismatch(overlap=0)', 'address_distance_1727m'] (dist=1727.1425395739573)
Address check: M Hotel Danang...
  address OK (overlap=13)
Address check: Mandila Beach Hotel...
  address OK (overlap=12)
Address check: Minh Toan Safi Ocean Hotel...
  address OK (overlap=13)
Address check: Non Nuoc Beach Villas...
  address OK (overlap=14)
Address check: Victoria Hoi An Beach Resort & Spa...
  ADDRESS MISMATCH: ['address_distance_2741m'] (dist=2741.166187862793)
Address check: Wyndham Garden Hoi An...
  ADDRESS MISMATCH: ['reverse_address_mismatch(overlap=0)', 'address_distance_3951m'] (dist=3950.816531339554)
Address check: A La Carte Danang Beach...
  address OK (overlap=9)
Address check: Angel Hotel...
  address OK (overlap=12)
Address check: Avatar Da Nang Hotel...
  ADDRESS MISMATCH: ['reverse_address_mismatch(overlap=0)'] (dist=None)
Address check: Blue Ocean 2 Hotel...
  ADDRESS MISMATCH: ['reverse_address_mismatch(overlap=0)'] (dist=None)
Address check: King's Finger Hotel...
  ADDRESS MISMATCH: ['reverse_address_mismatch(overlap=0)'] (dist=None)
Address check: Renaissance Hoi An Resort & Spa...
  ADDRESS MISMATCH: ['reverse_address_mismatch(overlap=0)'] (dist=None)
Address check: Belle Maison Parosand Danang...
  address OK (overlap=10)
Address check: Fivitel Hoi An Hotel...
  ADDRESS MISMATCH: ['reverse_address_mismatch(overlap=0)', 'address_distance_2728m'] (dist=2727.6979411026255)
Address check: Four Seasons Nam Hai...
  ADDRESS MISMATCH: ['address_distance_9091m'] (dist=9090.853735926574)
Address check: Naman Retreat...
  address OK (overlap=2)
Address check: Serene Nature Boutique Resort & Spa...
  ADDRESS MISMATCH: ['address_distance_2254m'] (dist=2253.6003591289355)
Address check: Wyndham Danang Golden Bay...
  address OK (overlap=15)
Address check: Ancient House Resort Hoi An...
  ADDRESS MISMATCH: ['address_distance_523m'] (dist=523.1403456536708)
Address check: Bamboo Green Central Hotel...
  address OK (overlap=1)
Address check: Beautiful Beach Hotel...
  ADDRESS MISMATCH: ['reverse_address_mismatch(overlap=0)'] (dist=None)
Address check: Bellerive Hoi An Resort & Spa...
  ADDRESS MISMATCH: ['reverse_address_mismatch(overlap=0)'] (dist=None)
Address check: Centara Sandy Beach Resort Danang...
  address OK (overlap=5)
Address check: Centre Point Hotel and Residence...
  address OK (overlap=18)
Address check: Century Hotel Da Nang...
  address OK (overlap=12)
Address check: Chicland Danang Beach Hotel...
  ADDRESS MISMATCH: ['reverse_address_mismatch(overlap=0)', 'address_distance_1154m'] (dist=1154.2370580307445)
Address check: Diamond Sea Hotel...
  address OK (overlap=11)
Address check: Dylan Hotel Da Nang...
  address OK (overlap=2)
Address check: Fansipan Da Nang Hotel...
  address OK (overlap=2)
Address check: Furama Villas Danang...
  address OK (overlap=10)
Address check: Fusion Resort & Villas Da Nang...
  address OK (overlap=5)
Address check: Golden Sand Resort & Spa...
  address OK (overlap=0)
Address check: Grand Mercure Danang...
  address OK (overlap=6)
Address check: Grandvrio Ocean Resort Danang...
  ADDRESS MISMATCH: ['address_distance_3101m'] (dist=3100.604473820286)
Address check: Green Heaven Resort & Spa...
  ADDRESS MISMATCH: ['reverse_address_mismatch(overlap=0)', 'address_distance_1904m'] (dist=1903.5546409061521)
Address check: Green Hotel Danang...
  address OK (overlap=11)
Address check: Hoi An Field Villa & Spa...
  address OK (overlap=0)
Address check: Hoi An Memories Land...
  address OK (overlap=5)
Address check: Hoi An Odyssey Hotel...
  address OK (overlap=12)
Address check: Hoi An Rose Garden Hotel...
  ADDRESS MISMATCH: ['reverse_address_mismatch(overlap=0)'] (dist=0.0)
Address check: Hotel Royal Hoi An - MGallery...
  ADDRESS MISMATCH: ['reverse_address_mismatch(overlap=0)'] (dist=None)
Address check: Hyatt Regency Danang...
  address OK (overlap=16)
Address check: Indochine Hoi An Hotel...
  ADDRESS MISMATCH: ['address_distance_477m'] (dist=477.11584524858523)
Address check: Kay Hotel...
  ADDRESS MISMATCH: ['address_distance_1097m'] (dist=1096.8638981400795)
Address check: Koi Resort & Spa Hoi An...
  address OK (overlap=10)
Address check: La Charm Hoi An Hotel & Spa...
  address OK (overlap=12)
Address check: Laluna Riverside Hoi An...
  address OK (overlap=13)
Address check: Lion Sea Hotel...
  ADDRESS MISMATCH: ['reverse_address_mismatch(overlap=0)', 'address_distance_646m'] (dist=646.0978654448047)
Address check: Melia Danang Beach Resort...
  address OK (overlap=10)
Address check: Namia River Retreat...
  address OK (overlap=17)
Address check: Nesta Hoian Resort and Spa...
  ADDRESS MISMATCH: ['reverse_address_mismatch(overlap=0)', 'address_distance_4093m'] (dist=4093.286817729575)
Address check: Orange Hotel...
  ADDRESS MISMATCH: ['address_distance_3952m'] (dist=3951.8332964315105)
Address check: Palm Garden Beach Resort & Spa...
  address OK (overlap=4)
Address check: Peninsula Hotel Danang...
  address OK (overlap=10)
Address check: Phuc Long Luxury Hotel Danang...
  ADDRESS MISMATCH: ['reverse_address_mismatch(overlap=0)', 'address_distance_697m'] (dist=696.5711290792132)
Address check: Pulchra Resort Danang...
  address OK (overlap=10)
Address check: River Suites Hoi An...
  address OK (overlap=11)
Address check: RiverTown Hoi An Resort & Spa...
  ADDRESS MISMATCH: ['reverse_address_mismatch(overlap=0)', 'address_distance_23575m'] (dist=23574.79337039782)
Address check: Royal Lotus Hotel Danang...
  address OK (overlap=9)
Address check: Royal Riverside Hoi An Hotel...
  ADDRESS MISMATCH: ['reverse_address_mismatch(overlap=0)', 'address_distance_1014m'] (dist=1014.3500127942862)
Address check: Sabina Hotel & Apartment...
  ADDRESS MISMATCH: ['reverse_address_mismatch(overlap=1)'] (dist=0.0)
Address check: Samdi Hotel...
  ADDRESS MISMATCH: ['reverse_address_mismatch(overlap=1)'] (dist=224.04464063792045)
Address check: Sandy Beach Non Nuoc Resort Danang...
  address OK (overlap=15)
Address check: Shilla Monogram Danang...
  address OK (overlap=12)
Address check: Silk River Hoi An Hotel & Spa...
  ADDRESS MISMATCH: ['reverse_address_mismatch(overlap=0)', 'address_distance_544m'] (dist=543.7350684647128)
Address check: Sunrise Premium Resort & Spa Hoi An...
  address OK (overlap=0)
Address check: The Nature Villas & Resort...
  address OK (overlap=0)
Address check: TIA Wellness Resort...
  address OK (overlap=14)
Address check: Vinpearl Da Nang Resort & Villas...
  ADDRESS MISMATCH: ['reverse_address_mismatch(overlap=0)', 'address_distance_3977m'] (dist=3976.946471285944)
Address check: Boutique Hoi An Resort...
  address OK (overlap=13)
Address check: Four Points by Sheraton Danang...
  address OK (overlap=11)
Address check: New Orient Hotel Danang...
  address OK (overlap=14)
Address check: Wyndham Soleil Danang...
Geocoded 10/96
Geocoded 20/96
Geocoded 30/96
Geocoded 40/96
Geocoded 50/96
Geocoded 60/96
Geocoded 70/96
Geocoded 80/96
Geocoded 90/96
Hotels: 96
Geocoded: 96/96
Bellerive present: True
  address OK (overlap=5)
FIXED (address): Hyatt Regency Danang Resort & Spa (16.0125, 108.263611) -> (15.9896594, 108.2723335)
FIXED (address): Muong Thanh Luxury Da Nang Hotel (16.053936, 108.24746) -> (16.0534593, 108.2481303)
FIXED (address): Wyndham Hoi An Royal Beachfront Resort & Villas (15.82, 108.403) -> (15.8417528, 108.2965176)
FIXED (address): Holiday Beach Danang Hotel & Spa (16.0485, 108.2488) -> (16.0497468, 108.2483553)
FIXED (address): Four Seasons Resort The Nam Hai (15.872039, 108.345833) -> (15.9106666, 108.2709146)
FIXED (address): Maximilan Danang Beach Hotel (16.0455, 108.2482) -> (16.0759643, 108.2449034)
FIXED (address): Premier Village Danang Resort Managed by Accor (16.0436238, 108.2496571) -> (16.0436238, 108.2496571)
FIXED (address): Koi Resort & Residence Da Nang (16.004841, 108.268918) -> (15.9896594, 108.2723335)
FIXED (address): Victoria Hoi An Beach Resort & Spa (15.895326, 108.369756) -> (15.8782122, 108.3882042)
FIXED (address): Wyndham Garden Hoi An (15.8975, 108.3525) -> (15.877577, 108.3219123)
FIXED (address): Fivitel Hoi An Hotel (15.879, 108.335) -> (15.8906649, 108.3574366)
FIXED (address): Four Seasons Nam Hai (15.872039, 108.345833) -> (15.9106666, 108.2709146)
FIXED (address): Serene Nature Boutique Resort & Spa (15.865, 108.32) -> (15.8847804, 108.32459)
FIXED (address): Ancient House Resort Hoi An (15.8756, 108.3431) -> (15.8802989, 108.3428569)
FIXED (address): Chicland Danang Beach Hotel (16.04979, 108.2486) -> (16.0397489, 108.2513386)
FIXED (address): Grandvrio Ocean Resort Danang (15.9062, 108.3414) -> (15.9270149, 108.3221055)
FIXED (address): Green Heaven Resort & Spa (15.868, 108.34) -> (15.8666552, 108.3222578)
FIXED (address): Hoi An Rose Garden Hotel (15.8802989, 108.3428569) -> (15.8802989, 108.3428569)
FIXED (address): Indochine Hoi An Hotel (15.875, 108.336) -> (15.8792805, 108.336309)
FIXED (address): Kay Hotel (16.06784, 108.22909) -> (16.0651724, 108.2192072)
FIXED (address): Lion Sea Hotel (16.052, 108.243) -> (16.0506227, 108.2488739)
FIXED (address): Nesta Hoian Resort and Spa (15.865, 108.33) -> (15.8906649, 108.3574366)
FIXED (address): Orange Hotel (16.06517, 108.21933) -> (16.0664101, 108.1823684)
FIXED (address): Phuc Long Luxury Hotel Danang (16.045, 108.246) -> (16.0506227, 108.2488739)
FIXED (address): RiverTown Hoi An Resort & Spa (15.888, 108.368) -> (16.0203854, 108.1957647)
FIXED (address): Royal Riverside Hoi An Hotel (15.878, 108.335) -> (15.8761329, 108.3257167)
FIXED (address): Sabina Hotel & Apartment (16.0687168, 108.2423129) -> (16.0687168, 108.2423129)
FIXED (address): Samdi Hotel (16.0598789, 108.210489) -> (16.0601965, 108.2125595)
FIXED (address): Silk River Hoi An Hotel & Spa (15.8765, 108.3217) -> (15.8800065, 108.3252434)
FIXED (address): Vinpearl Da Nang Resort & Villas (16.0217, 108.2558) -> (15.9896594, 108.2723335)

Regenerating CSV/KML...

Report: /Users/n0nam3/Dump/Expats/Travel AIgency/Research/Hotels/geocode-verification-report.json
Checked: 96, address checks: 96, mismatches: 37
Fixed: 30, Still uncertain: 7
